<?xml version="1.0" encoding="UTF-8"?>
<!-- Generated by org.testng.reporters.JUnitReportReporter -->
<testsuite hostname="DESKTOP-D1VIN16" failures="0" tests="1" name="com.dunn.telemedicine.scripts.InvalidPatientLogin" time="12.176" errors="0" timestamp="2020-12-18T17:08:01 IST" skipped="0">
  <testcase classname="com.dunn.telemedicine.scripts.InvalidPatientLogin" name="login" time="12.176"/>
  <system-out>
Entered Texttestpatient2020@gmail.com   In the Username TextBox Entered Textpratyushanp01@gmail.com In the password TextBox Clicked onLogin Btn  </system-out>
</testsuite> <!-- com.dunn.telemedicine.scripts.InvalidPatientLogin -->
