<?xml version="1.0" encoding="UTF-8"?>
<!-- Generated by org.testng.reporters.JUnitReportReporter -->
<testsuite hostname="DESKTOP-D1VIN16" failures="0" tests="1" name="com.dunn.telemedicine.scripts.PatientLoginwithProfileUpdation" time="15.115" errors="0" timestamp="2020-12-17T19:41:06 IST" skipped="0">
  <testcase classname="com.dunn.telemedicine.scripts.PatientLoginwithProfileUpdation" name="login" time="15.115"/>
  <system-out>
Entered Texttestpatient2020@gmail.com   In the Username TextBox Entered TextPassword123@ In the password TextBox Clicked onLogin Btn  </system-out>
</testsuite> <!-- com.dunn.telemedicine.scripts.PatientLoginwithProfileUpdation -->
