<?xml version="1.0" encoding="UTF-8"?>
<!-- Generated by org.testng.reporters.JUnitReportReporter -->
<testsuite hostname="DESKTOP-D1VIN16" failures="0" tests="1" name="com.dunn.telemedicine.scripts.LoginWithEmailVerificationandwithoutprofileupdation" time="14.382" errors="0" timestamp="2020-12-18T17:10:41 IST" skipped="0">
  <testcase classname="com.dunn.telemedicine.scripts.LoginWithEmailVerificationandwithoutprofileupdation" name="login" time="14.382"/>
  <system-out>
Entered Textpratyushanp01@gmail.com In the Username TextBox Entered Text45@#Prashu In the password TextBox Clicked onLogin Btn  </system-out>
</testsuite> <!-- com.dunn.telemedicine.scripts.LoginWithEmailVerificationandwithoutprofileupdation -->
