<?xml version="1.0" encoding="UTF-8"?>
<!-- Generated by org.testng.reporters.JUnitReportReporter -->
<testsuite hostname="DESKTOP-D1VIN16" failures="0" tests="1" name="com.dunn.telemedicine.scripts.Login" time="14.747" errors="0" timestamp="2020-12-17T10:49:52 IST" skipped="0">
  <testcase classname="com.dunn.telemedicine.scripts.Login" name="login" time="14.747"/>
  <system-out>
Entered Texttestpatient2020@gmail.com   In the Username TextBox Entered TextPassword123@ In the password TextBox Clicked onLogin Btn  </system-out>
</testsuite> <!-- com.dunn.telemedicine.scripts.Login -->
