<?xml version="1.0" encoding="UTF-8"?>
<!-- Generated by org.testng.reporters.JUnitReportReporter -->
<testsuite hostname="DESKTOP-D1VIN16" failures="0" tests="1" name="com.dunn.telemedicine.scripts.Loginwithoutemailverification" time="15.553" errors="0" timestamp="2020-12-18T15:44:33 IST" skipped="0">
  <testcase classname="com.dunn.telemedicine.scripts.Loginwithoutemailverification" name="login" time="15.553"/>
  <system-out>
Entered Textpratyushanp01@gmail.com In the Username TextBox Entered Text45@#Prashu In the password TextBox Clicked onLogin Btn  </system-out>
</testsuite> <!-- com.dunn.telemedicine.scripts.Loginwithoutemailverification -->
